<?xml version="1.0" encoding="UTF-8"?>
<!-- Generated by org.testng.reporters.JUnitXMLReporter -->
<testsuite hostname="Kaviyashri" ignored="0" name="Default test" tests="10" failures="0" timestamp="09 Jun 2020 15:16:52 GMT" time="3.967" errors="0">
  <testcase name="testCreateEmployee" time="1.654" classname="employee.EmployeeTest"/>
  <testcase name="testCreateEmployeeArray" time="0.131" classname="employee.EmployeeTest"/>
  <testcase name="testCreateEmployeeList" time="0.191" classname="employee.EmployeeTest"/>
  <testcase name="testDeleteEmployee" time="0.114" classname="employee.EmployeeTest"/>
  <testcase name="testGetEmployeeByName" time="0.566" classname="employee.EmployeeTest"/>
  <testcase name="testLoginEmployee" time="0.065" classname="employee.EmployeeTest"/>
  <testcase name="testLogoutEmployee" time="0.025" classname="employee.EmployeeTest"/>
  <testcase name="testNonLoggedInDeleteEmployee" time="0.072" classname="employee.EmployeeTest"/>
  <testcase name="testNonLoggedInUpdateEmployee" time="0.067" classname="employee.EmployeeTest"/>
  <testcase name="testUpdateEmployee" time="0.079" classname="employee.EmployeeTest"/>
</testsuite> <!-- Default test -->
