<?xml version="1.0" encoding="UTF-8"?>
<!-- Generated by org.testng.reporters.JUnitXMLReporter -->
<testsuite hostname="Kaviyashri" ignored="0" name="Test Methods" tests="10" failures="0" timestamp="10 Jun 2020 08:59:55 GMT" time="4.379" errors="0">
  <testcase name="testCreateEmployee" time="1.84" classname="employee.EmployeeTest"/>
  <testcase name="testCreateEmployeeArray" time="0.181" classname="employee.EmployeeTest"/>
  <testcase name="testCreateEmployeeList" time="0.222" classname="employee.EmployeeTest"/>
  <testcase name="testGetEmployeeByName" time="0.727" classname="employee.EmployeeTest"/>
  <testcase name="testLoginEmployee" time="0.071" classname="employee.EmployeeTest"/>
  <testcase name="testLogoutEmployee" time="0.049" classname="employee.EmployeeTest"/>
  <testcase name="testUpdateEmployee" time="0.098" classname="employee.EmployeeTest"/>
  <testcase name="testNonLoggedInUpdateEmployee" time="0.048" classname="employee.EmployeeTest"/>
  <testcase name="testDeleteEmployee" time="0.023" classname="employee.EmployeeTest"/>
  <testcase name="testNonLoggedInDeleteEmployee" time="0.049" classname="employee.EmployeeTest"/>
</testsuite> <!-- Test Methods -->
